app/build/intermediates/manifest_merge_blame_file/debug/processDebugMainManifest/manifest-merger-blame-debug-report.txt
1<?xml version="1.0" encoding="utf-8"?>
2<manifest xmlns:android="http://schemas.android.com/apk/res/android"
3    package="com.deepeye.musicpro.debug"
4    android:versionCode="1"
5    android:versionName="1.0.0-debug" >
6
7    <uses-sdk
8        android:minSdkVersion="24"
9        android:targetSdkVersion="35" />
10
11    <uses-permission android:name="android.permission.INTERNET" />
11-->src/main/AndroidManifest.xml:5:5-67
11-->src/main/AndroidManifest.xml:5:22-64
12    <uses-permission android:name="android.permission.ACCESS_NETWORK_STATE" />
12-->src/main/AndroidManifest.xml:6:5-79
12-->src/main/AndroidManifest.xml:6:22-76
13    <uses-permission android:name="android.permission.MODIFY_AUDIO_SETTINGS" />
13-->src/main/AndroidManifest.xml:7:5-80
13-->src/main/AndroidManifest.xml:7:22-77
14    <uses-permission android:name="android.permission.WAKE_LOCK" />
14-->src/main/AndroidManifest.xml:8:5-68
14-->src/main/AndroidManifest.xml:8:22-65
15    <uses-permission android:name="android.permission.VIBRATE" />
15-->src/main/AndroidManifest.xml:9:5-66
15-->src/main/AndroidManifest.xml:9:22-63
16    <uses-permission android:name="android.permission.FOREGROUND_SERVICE" />
16-->src/main/AndroidManifest.xml:10:5-77
16-->src/main/AndroidManifest.xml:10:22-74
17    <uses-permission android:name="android.permission.FOREGROUND_SERVICE_MEDIA_PLAYBACK" />
17-->src/main/AndroidManifest.xml:11:5-92
17-->src/main/AndroidManifest.xml:11:22-89
18    <uses-permission android:name="android.permission.FOREGROUND_SERVICE_DATA_SYNC" />
18-->src/main/AndroidManifest.xml:12:5-87
18-->src/main/AndroidManifest.xml:12:22-84
19    <uses-permission android:name="android.permission.POST_NOTIFICATIONS" />
19-->src/main/AndroidManifest.xml:13:5-77
19-->src/main/AndroidManifest.xml:13:22-74
20    <uses-permission android:name="android.permission.READ_MEDIA_AUDIO" />
20-->src/main/AndroidManifest.xml:14:5-75
20-->src/main/AndroidManifest.xml:14:22-72
21    <uses-permission
21-->src/main/AndroidManifest.xml:15:5-107
22        android:name="android.permission.READ_EXTERNAL_STORAGE"
22-->src/main/AndroidManifest.xml:15:22-77
23        android:maxSdkVersion="32" />
23-->src/main/AndroidManifest.xml:15:78-104
24    <uses-permission android:name="android.permission.RECEIVE_BOOT_COMPLETED" />
24-->src/main/AndroidManifest.xml:16:5-81
24-->src/main/AndroidManifest.xml:16:22-78
25
26    <permission
26-->[androidx.core:core:1.15.0] AndroidManifest.xml:22:5-24:47
27        android:name="com.deepeye.musicpro.debug.DYNAMIC_RECEIVER_NOT_EXPORTED_PERMISSION"
27-->[androidx.core:core:1.15.0] AndroidManifest.xml:23:9-81
28        android:protectionLevel="signature" />
28-->[androidx.core:core:1.15.0] AndroidManifest.xml:24:9-44
29
30    <uses-permission android:name="com.deepeye.musicpro.debug.DYNAMIC_RECEIVER_NOT_EXPORTED_PERMISSION" />
30-->[androidx.core:core:1.15.0] AndroidManifest.xml:26:5-97
30-->[androidx.core:core:1.15.0] AndroidManifest.xml:26:22-94
31
32    <application
32-->src/main/AndroidManifest.xml:18:5-97:19
33        android:name="com.deepeye.musicpro.DeepEyeApp"
33-->src/main/AndroidManifest.xml:19:9-35
34        android:allowBackup="true"
34-->src/main/AndroidManifest.xml:20:9-35
35        android:appCategory="audio"
35-->src/main/AndroidManifest.xml:21:9-36
36        android:appComponentFactory="androidx.core.app.CoreComponentFactory"
36-->[androidx.core:core:1.15.0] AndroidManifest.xml:28:18-86
37        android:dataExtractionRules="@xml/data_extraction_rules"
37-->src/main/AndroidManifest.xml:22:9-65
38        android:debuggable="true"
39        android:extractNativeLibs="false"
40        android:fullBackupContent="@xml/backup_rules"
40-->src/main/AndroidManifest.xml:23:9-54
41        android:icon="@mipmap/ic_launcher"
41-->src/main/AndroidManifest.xml:24:9-43
42        android:label="@string/app_name"
42-->src/main/AndroidManifest.xml:25:9-41
43        android:localeConfig="@xml/locales_config"
43-->src/main/AndroidManifest.xml:26:9-51
44        android:networkSecurityConfig="@xml/network_security_config"
44-->src/main/AndroidManifest.xml:27:9-69
45        android:roundIcon="@mipmap/ic_launcher_round"
45-->src/main/AndroidManifest.xml:28:9-54
46        android:supportsRtl="true"
46-->src/main/AndroidManifest.xml:29:9-35
47        android:theme="@style/Theme.DeepEyeMusicPro"
47-->src/main/AndroidManifest.xml:30:9-53
48        android:usesCleartextTraffic="false" >
48-->src/main/AndroidManifest.xml:31:9-45
49        <activity
49-->src/main/AndroidManifest.xml:34:9-59:20
50            android:name="com.deepeye.musicpro.ui.MainActivity"
50-->src/main/AndroidManifest.xml:35:13-44
51            android:exported="true"
51-->src/main/AndroidManifest.xml:36:13-36
52            android:launchMode="singleTask"
52-->src/main/AndroidManifest.xml:37:13-44
53            android:screenOrientation="portrait"
53-->src/main/AndroidManifest.xml:38:13-49
54            android:windowSoftInputMode="adjustResize" >
54-->src/main/AndroidManifest.xml:39:13-55
55            <intent-filter>
55-->src/main/AndroidManifest.xml:40:13-43:29
56                <action android:name="android.intent.action.MAIN" />
56-->src/main/AndroidManifest.xml:41:17-69
56-->src/main/AndroidManifest.xml:41:25-66
57
58                <category android:name="android.intent.category.LAUNCHER" />
58-->src/main/AndroidManifest.xml:42:17-77
58-->src/main/AndroidManifest.xml:42:27-74
59            </intent-filter>
60            <intent-filter android:autoVerify="false" >
60-->src/main/AndroidManifest.xml:44:13-53:29
60-->src/main/AndroidManifest.xml:44:28-54
61                <action android:name="android.intent.action.VIEW" />
61-->src/main/AndroidManifest.xml:45:17-69
61-->src/main/AndroidManifest.xml:45:25-66
62
63                <category android:name="android.intent.category.DEFAULT" />
63-->src/main/AndroidManifest.xml:46:17-76
63-->src/main/AndroidManifest.xml:46:27-73
64                <category android:name="android.intent.category.BROWSABLE" />
64-->src/main/AndroidManifest.xml:47:17-78
64-->src/main/AndroidManifest.xml:47:27-75
65
66                <data
66-->src/main/AndroidManifest.xml:48:17-70
67                    android:host="play"
67-->src/main/AndroidManifest.xml:48:48-67
68                    android:scheme="deepeye" />
68-->src/main/AndroidManifest.xml:48:23-47
69                <data
69-->src/main/AndroidManifest.xml:48:17-70
70                    android:host="www.youtube.com"
70-->src/main/AndroidManifest.xml:48:48-67
71                    android:scheme="https" />
71-->src/main/AndroidManifest.xml:48:23-47
72                <data
72-->src/main/AndroidManifest.xml:48:17-70
73                    android:host="youtube.com"
73-->src/main/AndroidManifest.xml:48:48-67
74                    android:scheme="https" />
74-->src/main/AndroidManifest.xml:48:23-47
75                <data
75-->src/main/AndroidManifest.xml:48:17-70
76                    android:host="youtu.be"
76-->src/main/AndroidManifest.xml:48:48-67
77                    android:scheme="https" />
77-->src/main/AndroidManifest.xml:48:23-47
78                <data
78-->src/main/AndroidManifest.xml:48:17-70
79                    android:host="music.youtube.com"
79-->src/main/AndroidManifest.xml:48:48-67
80                    android:scheme="https" />
80-->src/main/AndroidManifest.xml:48:23-47
81            </intent-filter>
82            <intent-filter>
82-->src/main/AndroidManifest.xml:54:13-58:29
83                <action android:name="android.intent.action.SEND" />
83-->src/main/AndroidManifest.xml:55:17-69
83-->src/main/AndroidManifest.xml:55:25-66
84
85                <category android:name="android.intent.category.DEFAULT" />
85-->src/main/AndroidManifest.xml:46:17-76
85-->src/main/AndroidManifest.xml:46:27-73
86
87                <data android:mimeType="text/plain" />
87-->src/main/AndroidManifest.xml:48:17-70
87-->src/main/AndroidManifest.xml:57:23-52
88            </intent-filter>
89        </activity>
90
91        <service
91-->src/main/AndroidManifest.xml:61:9-70:19
92            android:name="com.deepeye.musicpro.service.MusicPlayerService"
92-->src/main/AndroidManifest.xml:62:13-55
93            android:enabled="true"
93-->src/main/AndroidManifest.xml:63:13-35
94            android:exported="true"
94-->src/main/AndroidManifest.xml:64:13-36
95            android:foregroundServiceType="mediaPlayback" >
95-->src/main/AndroidManifest.xml:65:13-58
96            <intent-filter>
96-->src/main/AndroidManifest.xml:66:13-69:29
97                <action android:name="androidx.media3.session.MediaLibraryService" />
97-->src/main/AndroidManifest.xml:67:17-86
97-->src/main/AndroidManifest.xml:67:25-83
98                <action android:name="android.media.browse.MediaBrowserService" />
98-->src/main/AndroidManifest.xml:68:17-83
98-->src/main/AndroidManifest.xml:68:25-80
99            </intent-filter>
100        </service>
101        <service
101-->src/main/AndroidManifest.xml:72:9-76:56
102            android:name="com.deepeye.musicpro.service.DownloadService"
102-->src/main/AndroidManifest.xml:73:13-52
103            android:enabled="true"
103-->src/main/AndroidManifest.xml:74:13-35
104            android:exported="false"
104-->src/main/AndroidManifest.xml:75:13-37
105            android:foregroundServiceType="dataSync" />
105-->src/main/AndroidManifest.xml:76:13-53
106
107        <receiver
107-->src/main/AndroidManifest.xml:78:9-86:20
108            android:name="com.deepeye.musicpro.receiver.BootReceiver"
108-->src/main/AndroidManifest.xml:79:13-50
109            android:enabled="true"
109-->src/main/AndroidManifest.xml:80:13-35
110            android:exported="true" >
110-->src/main/AndroidManifest.xml:81:13-36
111            <intent-filter>
111-->src/main/AndroidManifest.xml:82:13-85:29
112                <action android:name="android.intent.action.BOOT_COMPLETED" />
112-->src/main/AndroidManifest.xml:83:17-79
112-->src/main/AndroidManifest.xml:83:25-76
113                <action android:name="android.intent.action.MY_PACKAGE_REPLACED" />
113-->src/main/AndroidManifest.xml:84:17-84
113-->src/main/AndroidManifest.xml:84:25-81
114            </intent-filter>
115        </receiver>
116
117        <provider
118            android:name="androidx.core.content.FileProvider"
118-->src/main/AndroidManifest.xml:89:13-62
119            android:authorities="com.deepeye.musicpro.debug.fileprovider"
119-->src/main/AndroidManifest.xml:90:13-64
120            android:exported="false"
120-->src/main/AndroidManifest.xml:91:13-37
121            android:grantUriPermissions="true" >
121-->src/main/AndroidManifest.xml:92:13-47
122            <meta-data
122-->src/main/AndroidManifest.xml:93:13-95:54
123                android:name="android.support.FILE_PROVIDER_PATHS"
123-->src/main/AndroidManifest.xml:94:17-67
124                android:resource="@xml/file_paths" />
124-->src/main/AndroidManifest.xml:95:17-51
125        </provider>
126        <provider
126-->[androidx.emoji2:emoji2:1.3.0] AndroidManifest.xml:24:9-32:20
127            android:name="androidx.startup.InitializationProvider"
127-->[androidx.emoji2:emoji2:1.3.0] AndroidManifest.xml:25:13-67
128            android:authorities="com.deepeye.musicpro.debug.androidx-startup"
128-->[androidx.emoji2:emoji2:1.3.0] AndroidManifest.xml:26:13-68
129            android:exported="false" >
129-->[androidx.emoji2:emoji2:1.3.0] AndroidManifest.xml:27:13-37
130            <meta-data
130-->[androidx.emoji2:emoji2:1.3.0] AndroidManifest.xml:29:13-31:52
131                android:name="androidx.emoji2.text.EmojiCompatInitializer"
131-->[androidx.emoji2:emoji2:1.3.0] AndroidManifest.xml:30:17-75
132                android:value="androidx.startup" />
132-->[androidx.emoji2:emoji2:1.3.0] AndroidManifest.xml:31:17-49
133            <meta-data
133-->[androidx.work:work-runtime:2.9.1] AndroidManifest.xml:34:13-36:52
134                android:name="androidx.work.WorkManagerInitializer"
134-->[androidx.work:work-runtime:2.9.1] AndroidManifest.xml:35:17-68
135                android:value="androidx.startup" />
135-->[androidx.work:work-runtime:2.9.1] AndroidManifest.xml:36:17-49
136            <meta-data
136-->[androidx.lifecycle:lifecycle-process:2.8.7] AndroidManifest.xml:29:13-31:52
137                android:name="androidx.lifecycle.ProcessLifecycleInitializer"
137-->[androidx.lifecycle:lifecycle-process:2.8.7] AndroidManifest.xml:30:17-78
138                android:value="androidx.startup" />
138-->[androidx.lifecycle:lifecycle-process:2.8.7] AndroidManifest.xml:31:17-49
139            <meta-data
139-->[androidx.profileinstaller:profileinstaller:1.4.0] AndroidManifest.xml:29:13-31:52
140                android:name="androidx.profileinstaller.ProfileInstallerInitializer"
140-->[androidx.profileinstaller:profileinstaller:1.4.0] AndroidManifest.xml:30:17-85
141                android:value="androidx.startup" />
141-->[androidx.profileinstaller:profileinstaller:1.4.0] AndroidManifest.xml:31:17-49
142        </provider>
143
144        <service
144-->[androidx.work:work-runtime:2.9.1] AndroidManifest.xml:39:9-45:35
145            android:name="androidx.work.impl.background.systemalarm.SystemAlarmService"
145-->[androidx.work:work-runtime:2.9.1] AndroidManifest.xml:40:13-88
146            android:directBootAware="false"
146-->[androidx.work:work-runtime:2.9.1] AndroidManifest.xml:41:13-44
147            android:enabled="@bool/enable_system_alarm_service_default"
147-->[androidx.work:work-runtime:2.9.1] AndroidManifest.xml:42:13-72
148            android:exported="false" />
148-->[androidx.work:work-runtime:2.9.1] AndroidManifest.xml:43:13-37
149        <service
149-->[androidx.work:work-runtime:2.9.1] AndroidManifest.xml:46:9-52:35
150            android:name="androidx.work.impl.background.systemjob.SystemJobService"
150-->[androidx.work:work-runtime:2.9.1] AndroidManifest.xml:47:13-84
151            android:directBootAware="false"
151-->[androidx.work:work-runtime:2.9.1] AndroidManifest.xml:48:13-44
152            android:enabled="@bool/enable_system_job_service_default"
152-->[androidx.work:work-runtime:2.9.1] AndroidManifest.xml:49:13-70
153            android:exported="true"
153-->[androidx.work:work-runtime:2.9.1] AndroidManifest.xml:50:13-36
154            android:permission="android.permission.BIND_JOB_SERVICE" />
154-->[androidx.work:work-runtime:2.9.1] AndroidManifest.xml:51:13-69
155        <service
155-->[androidx.work:work-runtime:2.9.1] AndroidManifest.xml:53:9-59:35
156            android:name="androidx.work.impl.foreground.SystemForegroundService"
156-->[androidx.work:work-runtime:2.9.1] AndroidManifest.xml:54:13-81
157            android:directBootAware="false"
157-->[androidx.work:work-runtime:2.9.1] AndroidManifest.xml:55:13-44
158            android:enabled="@bool/enable_system_foreground_service_default"
158-->[androidx.work:work-runtime:2.9.1] AndroidManifest.xml:56:13-77
159            android:exported="false" />
159-->[androidx.work:work-runtime:2.9.1] AndroidManifest.xml:57:13-37
160
161        <receiver
161-->[androidx.work:work-runtime:2.9.1] AndroidManifest.xml:61:9-66:35
162            android:name="androidx.work.impl.utils.ForceStopRunnable$BroadcastReceiver"
162-->[androidx.work:work-runtime:2.9.1] AndroidManifest.xml:62:13-88
163            android:directBootAware="false"
163-->[androidx.work:work-runtime:2.9.1] AndroidManifest.xml:63:13-44
164            android:enabled="true"
164-->[androidx.work:work-runtime:2.9.1] AndroidManifest.xml:64:13-35
165            android:exported="false" />
165-->[androidx.work:work-runtime:2.9.1] AndroidManifest.xml:65:13-37
166        <receiver
166-->[androidx.work:work-runtime:2.9.1] AndroidManifest.xml:67:9-77:20
167            android:name="androidx.work.impl.background.systemalarm.ConstraintProxy$BatteryChargingProxy"
167-->[androidx.work:work-runtime:2.9.1] AndroidManifest.xml:68:13-106
168            android:directBootAware="false"
168-->[androidx.work:work-runtime:2.9.1] AndroidManifest.xml:69:13-44
169            android:enabled="false"
169-->[androidx.work:work-runtime:2.9.1] AndroidManifest.xml:70:13-36
170            android:exported="false" >
170-->[androidx.work:work-runtime:2.9.1] AndroidManifest.xml:71:13-37
171            <intent-filter>
171-->[androidx.work:work-runtime:2.9.1] AndroidManifest.xml:73:13-76:29
172                <action android:name="android.intent.action.ACTION_POWER_CONNECTED" />
172-->[androidx.work:work-runtime:2.9.1] AndroidManifest.xml:74:17-87
172-->[androidx.work:work-runtime:2.9.1] AndroidManifest.xml:74:25-84
173                <action android:name="android.intent.action.ACTION_POWER_DISCONNECTED" />
173-->[androidx.work:work-runtime:2.9.1] AndroidManifest.xml:75:17-90
173-->[androidx.work:work-runtime:2.9.1] AndroidManifest.xml:75:25-87
174            </intent-filter>
175        </receiver>
176        <receiver
176-->[androidx.work:work-runtime:2.9.1] AndroidManifest.xml:78:9-88:20
177            android:name="androidx.work.impl.background.systemalarm.ConstraintProxy$BatteryNotLowProxy"
177-->[androidx.work:work-runtime:2.9.1] AndroidManifest.xml:79:13-104
178            android:directBootAware="false"
178-->[androidx.work:work-runtime:2.9.1] AndroidManifest.xml:80:13-44
179            android:enabled="false"
179-->[androidx.work:work-runtime:2.9.1] AndroidManifest.xml:81:13-36
180            android:exported="false" >
180-->[androidx.work:work-runtime:2.9.1] AndroidManifest.xml:82:13-37
181            <intent-filter>
181-->[androidx.work:work-runtime:2.9.1] AndroidManifest.xml:84:13-87:29
182                <action android:name="android.intent.action.BATTERY_OKAY" />
182-->[androidx.work:work-runtime:2.9.1] AndroidManifest.xml:85:17-77
182-->[androidx.work:work-runtime:2.9.1] AndroidManifest.xml:85:25-74
183                <action android:name="android.intent.action.BATTERY_LOW" />
183-->[androidx.work:work-runtime:2.9.1] AndroidManifest.xml:86:17-76
183-->[androidx.work:work-runtime:2.9.1] AndroidManifest.xml:86:25-73
184            </intent-filter>
185        </receiver>
186        <receiver
186-->[androidx.work:work-runtime:2.9.1] AndroidManifest.xml:89:9-99:20
187            android:name="androidx.work.impl.background.systemalarm.ConstraintProxy$StorageNotLowProxy"
187-->[androidx.work:work-runtime:2.9.1] AndroidManifest.xml:90:13-104
188            android:directBootAware="false"
188-->[androidx.work:work-runtime:2.9.1] AndroidManifest.xml:91:13-44
189            android:enabled="false"
189-->[androidx.work:work-runtime:2.9.1] AndroidManifest.xml:92:13-36
190            android:exported="false" >
190-->[androidx.work:work-runtime:2.9.1] AndroidManifest.xml:93:13-37
191            <intent-filter>
191-->[androidx.work:work-runtime:2.9.1] AndroidManifest.xml:95:13-98:29
192                <action android:name="android.intent.action.DEVICE_STORAGE_LOW" />
192-->[androidx.work:work-runtime:2.9.1] AndroidManifest.xml:96:17-83
192-->[androidx.work:work-runtime:2.9.1] AndroidManifest.xml:96:25-80
193                <action android:name="android.intent.action.DEVICE_STORAGE_OK" />
193-->[androidx.work:work-runtime:2.9.1] AndroidManifest.xml:97:17-82
193-->[androidx.work:work-runtime:2.9.1] AndroidManifest.xml:97:25-79
194            </intent-filter>
195        </receiver>
196        <receiver
196-->[androidx.work:work-runtime:2.9.1] AndroidManifest.xml:100:9-109:20
197            android:name="androidx.work.impl.background.systemalarm.ConstraintProxy$NetworkStateProxy"
197-->[androidx.work:work-runtime:2.9.1] AndroidManifest.xml:101:13-103
198            android:directBootAware="false"
198-->[androidx.work:work-runtime:2.9.1] AndroidManifest.xml:102:13-44
199            android:enabled="false"
199-->[androidx.work:work-runtime:2.9.1] AndroidManifest.xml:103:13-36
200            android:exported="false" >
200-->[androidx.work:work-runtime:2.9.1] AndroidManifest.xml:104:13-37
201            <intent-filter>
201-->[androidx.work:work-runtime:2.9.1] AndroidManifest.xml:106:13-108:29
202                <action android:name="android.net.conn.CONNECTIVITY_CHANGE" />
202-->[androidx.work:work-runtime:2.9.1] AndroidManifest.xml:107:17-79
202-->[androidx.work:work-runtime:2.9.1] AndroidManifest.xml:107:25-76
203            </intent-filter>
204        </receiver>
205        <receiver
205-->[androidx.work:work-runtime:2.9.1] AndroidManifest.xml:110:9-121:20
206            android:name="androidx.work.impl.background.systemalarm.RescheduleReceiver"
206-->[androidx.work:work-runtime:2.9.1] AndroidManifest.xml:111:13-88
207            android:directBootAware="false"
207-->[androidx.work:work-runtime:2.9.1] AndroidManifest.xml:112:13-44
208            android:enabled="false"
208-->[androidx.work:work-runtime:2.9.1] AndroidManifest.xml:113:13-36
209            android:exported="false" >
209-->[androidx.work:work-runtime:2.9.1] AndroidManifest.xml:114:13-37
210            <intent-filter>
210-->[androidx.work:work-runtime:2.9.1] AndroidManifest.xml:116:13-120:29
211                <action android:name="android.intent.action.BOOT_COMPLETED" />
211-->src/main/AndroidManifest.xml:83:17-79
211-->src/main/AndroidManifest.xml:83:25-76
212                <action android:name="android.intent.action.TIME_SET" />
212-->[androidx.work:work-runtime:2.9.1] AndroidManifest.xml:118:17-73
212-->[androidx.work:work-runtime:2.9.1] AndroidManifest.xml:118:25-70
213                <action android:name="android.intent.action.TIMEZONE_CHANGED" />
213-->[androidx.work:work-runtime:2.9.1] AndroidManifest.xml:119:17-81
213-->[androidx.work:work-runtime:2.9.1] AndroidManifest.xml:119:25-78
214            </intent-filter>
215        </receiver>
216        <receiver
216-->[androidx.work:work-runtime:2.9.1] AndroidManifest.xml:122:9-131:20
217            android:name="androidx.work.impl.background.systemalarm.ConstraintProxyUpdateReceiver"
217-->[androidx.work:work-runtime:2.9.1] AndroidManifest.xml:123:13-99
218            android:directBootAware="false"
218-->[androidx.work:work-runtime:2.9.1] AndroidManifest.xml:124:13-44
219            android:enabled="@bool/enable_system_alarm_service_default"
219-->[androidx.work:work-runtime:2.9.1] AndroidManifest.xml:125:13-72
220            android:exported="false" >
220-->[androidx.work:work-runtime:2.9.1] AndroidManifest.xml:126:13-37
221            <intent-filter>
221-->[androidx.work:work-runtime:2.9.1] AndroidManifest.xml:128:13-130:29
222                <action android:name="androidx.work.impl.background.systemalarm.UpdateProxies" />
222-->[androidx.work:work-runtime:2.9.1] AndroidManifest.xml:129:17-98
222-->[androidx.work:work-runtime:2.9.1] AndroidManifest.xml:129:25-95
223            </intent-filter>
224        </receiver>
225        <receiver
225-->[androidx.work:work-runtime:2.9.1] AndroidManifest.xml:132:9-142:20
226            android:name="androidx.work.impl.diagnostics.DiagnosticsReceiver"
226-->[androidx.work:work-runtime:2.9.1] AndroidManifest.xml:133:13-78
227            android:directBootAware="false"
227-->[androidx.work:work-runtime:2.9.1] AndroidManifest.xml:134:13-44
228            android:enabled="true"
228-->[androidx.work:work-runtime:2.9.1] AndroidManifest.xml:135:13-35
229            android:exported="true"
229-->[androidx.work:work-runtime:2.9.1] AndroidManifest.xml:136:13-36
230            android:permission="android.permission.DUMP" >
230-->[androidx.work:work-runtime:2.9.1] AndroidManifest.xml:137:13-57
231            <intent-filter>
231-->[androidx.work:work-runtime:2.9.1] AndroidManifest.xml:139:13-141:29
232                <action android:name="androidx.work.diagnostics.REQUEST_DIAGNOSTICS" />
232-->[androidx.work:work-runtime:2.9.1] AndroidManifest.xml:140:17-88
232-->[androidx.work:work-runtime:2.9.1] AndroidManifest.xml:140:25-85
233            </intent-filter>
234        </receiver>
235
236        <uses-library
236-->[androidx.window:window:1.0.0] AndroidManifest.xml:25:9-27:40
237            android:name="androidx.window.extensions"
237-->[androidx.window:window:1.0.0] AndroidManifest.xml:26:13-54
238            android:required="false" />
238-->[androidx.window:window:1.0.0] AndroidManifest.xml:27:13-37
239        <uses-library
239-->[androidx.window:window:1.0.0] AndroidManifest.xml:28:9-30:40
240            android:name="androidx.window.sidecar"
240-->[androidx.window:window:1.0.0] AndroidManifest.xml:29:13-51
241            android:required="false" />
241-->[androidx.window:window:1.0.0] AndroidManifest.xml:30:13-37
242
243        <service
243-->[androidx.room:room-runtime:2.6.1] AndroidManifest.xml:24:9-28:63
244            android:name="androidx.room.MultiInstanceInvalidationService"
244-->[androidx.room:room-runtime:2.6.1] AndroidManifest.xml:25:13-74
245            android:directBootAware="true"
245-->[androidx.room:room-runtime:2.6.1] AndroidManifest.xml:26:13-43
246            android:exported="false" />
246-->[androidx.room:room-runtime:2.6.1] AndroidManifest.xml:27:13-37
247
248        <receiver
248-->[androidx.profileinstaller:profileinstaller:1.4.0] AndroidManifest.xml:34:9-52:20
249            android:name="androidx.profileinstaller.ProfileInstallReceiver"
249-->[androidx.profileinstaller:profileinstaller:1.4.0] AndroidManifest.xml:35:13-76
250            android:directBootAware="false"
250-->[androidx.profileinstaller:profileinstaller:1.4.0] AndroidManifest.xml:36:13-44
251            android:enabled="true"
251-->[androidx.profileinstaller:profileinstaller:1.4.0] AndroidManifest.xml:37:13-35
252            android:exported="true"
252-->[androidx.profileinstaller:profileinstaller:1.4.0] AndroidManifest.xml:38:13-36
253            android:permission="android.permission.DUMP" >
253-->[androidx.profileinstaller:profileinstaller:1.4.0] AndroidManifest.xml:39:13-57
254            <intent-filter>
254-->[androidx.profileinstaller:profileinstaller:1.4.0] AndroidManifest.xml:40:13-42:29
255                <action android:name="androidx.profileinstaller.action.INSTALL_PROFILE" />
255-->[androidx.profileinstaller:profileinstaller:1.4.0] AndroidManifest.xml:41:17-91
255-->[androidx.profileinstaller:profileinstaller:1.4.0] AndroidManifest.xml:41:25-88
256            </intent-filter>
257            <intent-filter>
257-->[androidx.profileinstaller:profileinstaller:1.4.0] AndroidManifest.xml:43:13-45:29
258                <action android:name="androidx.profileinstaller.action.SKIP_FILE" />
258-->[androidx.profileinstaller:profileinstaller:1.4.0] AndroidManifest.xml:44:17-85
258-->[androidx.profileinstaller:profileinstaller:1.4.0] AndroidManifest.xml:44:25-82
259            </intent-filter>
260            <intent-filter>
260-->[androidx.profileinstaller:profileinstaller:1.4.0] AndroidManifest.xml:46:13-48:29
261                <action android:name="androidx.profileinstaller.action.SAVE_PROFILE" />
261-->[androidx.profileinstaller:profileinstaller:1.4.0] AndroidManifest.xml:47:17-88
261-->[androidx.profileinstaller:profileinstaller:1.4.0] AndroidManifest.xml:47:25-85
262            </intent-filter>
263            <intent-filter>
263-->[androidx.profileinstaller:profileinstaller:1.4.0] AndroidManifest.xml:49:13-51:29
264                <action android:name="androidx.profileinstaller.action.BENCHMARK_OPERATION" />
264-->[androidx.profileinstaller:profileinstaller:1.4.0] AndroidManifest.xml:50:17-95
264-->[androidx.profileinstaller:profileinstaller:1.4.0] AndroidManifest.xml:50:25-92
265            </intent-filter>
266        </receiver>
267    </application>
268
269</manifest>